<?xml version="1.0" encoding="UTF-8"?>
<!-- Generated by org.testng.reporters.JUnitXMLReporter -->
<testsuite ignored="8" hostname="rajhansji" failures="0" tests="5" name="Test" time="26.149" errors="0" timestamp="2023-03-31T16:10:09 IST">
  <testcase classname="Open_Account_Packages.AccountOpeningPom" name="AccountOpen" time="6.835"/>
  <testcase classname="Credit_Customer_package.CreditcustomerPom" name="creditCustomer" time="1.824"/>
  <testcase classname="Apply_Debit_Card__package.ApplydebitcardPom" name="applyDebit" time="0.953"/>
  <testcase classname="Fund_Transfer_Package.FundTransferPom" name="fundTransfer" time="4.206"/>
  <testcase classname="view_Active_customer_package.ViewActiveCustomerPom" name="ViewCustActive" time="4.042"/>
  <testcase classname="com.GenericUtilities.BaseClass" name="@BeforeSuite connectdb" time="0.0">
    <ignored/>
  </testcase> <!-- @BeforeSuite connectdb -->
  <testcase classname="com.GenericUtilities.BaseClass" name="@BeforeSuite connectdb" time="0.0">
    <ignored/>
  </testcase> <!-- @BeforeSuite connectdb -->
  <testcase classname="com.GenericUtilities.BaseClass" name="@BeforeSuite connectdb" time="0.0">
    <ignored/>
  </testcase> <!-- @BeforeSuite connectdb -->
  <testcase classname="com.GenericUtilities.BaseClass" name="@BeforeSuite connectdb" time="0.0">
    <ignored/>
  </testcase> <!-- @BeforeSuite connectdb -->
  <testcase classname="com.GenericUtilities.BaseClass" name="@AfterSuite closedb" time="0.0">
    <ignored/>
  </testcase> <!-- @AfterSuite closedb -->
  <testcase classname="com.GenericUtilities.BaseClass" name="@AfterSuite closedb" time="0.0">
    <ignored/>
  </testcase> <!-- @AfterSuite closedb -->
  <testcase classname="com.GenericUtilities.BaseClass" name="@AfterSuite closedb" time="0.0">
    <ignored/>
  </testcase> <!-- @AfterSuite closedb -->
  <testcase classname="com.GenericUtilities.BaseClass" name="@AfterSuite closedb" time="0.0">
    <ignored/>
  </testcase> <!-- @AfterSuite closedb -->
</testsuite> <!-- Test -->
