<?xml version="1.0" encoding="UTF-8"?>
<testng-results ignored="0" total="1" passed="1" failed="0" skipped="0">
  <reporter-output>
    <line>
      <![CDATA[creditCustomer------>testscript excution started]]>
    </line>
    <line>
      <![CDATA[creditCustomer----->testScript execution successfull]]>
    </line>
  </reporter-output>
  <suite started-at="2023-04-03T10:00:04 IST" name="Default suite" finished-at="2023-04-03T10:00:09 IST" duration-ms="5094">
    <groups>
      <group name="system">
        <method signature="CreditcustomerPom.creditCustomer()[pri:1, instance:Credit_Customer_package.CreditcustomerPom@1e04fa0a]" name="creditCustomer" class="Credit_Customer_package.CreditcustomerPom"/>
      </group> <!-- system -->
    </groups>
    <test started-at="2023-04-03T10:00:04 IST" name="Default test" finished-at="2023-04-03T10:00:09 IST" duration-ms="5094">
      <class name="Credit_Customer_package.CreditcustomerPom">
        <test-method is-config="true" signature="openBrowser(java.lang.String)[pri:0, instance:Credit_Customer_package.CreditcustomerPom@1e04fa0a]" started-at="2023-04-03T10:00:04 IST" name="openBrowser" finished-at="2023-04-03T10:00:07 IST" duration-ms="2184" status="PASS">
          <params>
            <param index="0">
              <value>
                <![CDATA[chrome]]>
              </value>
            </param>
          </params>
          <reporter-output>
          </reporter-output>
        </test-method> <!-- openBrowser -->
        <test-method signature="creditCustomer()[pri:1, instance:Credit_Customer_package.CreditcustomerPom@1e04fa0a]" started-at="2023-04-03T10:00:07 IST" name="creditCustomer" finished-at="2023-04-03T10:00:09 IST" duration-ms="1995" status="PASS">
          <reporter-output>
            <line>
              <![CDATA[creditCustomer------>testscript excution started]]>
            </line>
            <line>
              <![CDATA[creditCustomer----->testScript execution successfull]]>
            </line>
          </reporter-output>
        </test-method> <!-- creditCustomer -->
        <test-method is-config="true" signature="closebrowser()[pri:0, instance:Credit_Customer_package.CreditcustomerPom@1e04fa0a]" started-at="2023-04-03T10:00:09 IST" name="closebrowser" finished-at="2023-04-03T10:00:09 IST" duration-ms="591" status="PASS">
          <reporter-output>
          </reporter-output>
        </test-method> <!-- closebrowser -->
      </class> <!-- Credit_Customer_package.CreditcustomerPom -->
    </test> <!-- Default test -->
  </suite> <!-- Default suite -->
</testng-results>
