<?xml version="1.0" encoding="UTF-8"?>
<testng-results ignored="0" total="1" passed="1" failed="0" skipped="0">
  <reporter-output>
  </reporter-output>
  <suite started-at="2023-11-12T07:44:56 IST" name="Default suite" finished-at="2023-11-12T07:45:05 IST" duration-ms="9170">
    <groups>
    </groups>
    <test started-at="2023-11-12T07:44:56 IST" name="Default test" finished-at="2023-11-12T07:45:05 IST" duration-ms="9170">
      <class name="com.practice.IframeShadow">
        <test-method signature="test()[pri:0, instance:com.practice.IframeShadow@383bfa16]" started-at="2023-11-12T07:44:56 IST" name="test" finished-at="2023-11-12T07:45:05 IST" duration-ms="9139" status="PASS">
          <reporter-output>
          </reporter-output>
        </test-method> <!-- test -->
      </class> <!-- com.practice.IframeShadow -->
    </test> <!-- Default test -->
  </suite> <!-- Default suite -->
</testng-results>
